<?xml version="1.0" encoding="UTF-8"?>
<coverage generated="1661013314887" clover="3.2.0">
  <project timestamp="1661013314887" name="All files">
    <metrics statements="109" coveredstatements="101" conditionals="29" coveredconditionals="25" methods="10" coveredmethods="10" elements="148" coveredelements="136" complexity="0" loc="109" ncloc="109" packages="1" files="4" classes="4"/>
    <file name="formatter.js" path="/home/linux/frontend-project-lvl2/src/formatter.js">
      <metrics statements="39" coveredstatements="31" conditionals="13" coveredconditionals="11" methods="5" coveredmethods="5"/>
      <line num="1" count="1" type="cond" truecount="1" falsecount="0"/>
      <line num="2" count="1" type="stmt"/>
      <line num="3" count="1" type="cond" truecount="1" falsecount="0"/>
      <line num="4" count="8" type="stmt"/>
      <line num="5" count="8" type="stmt"/>
      <line num="6" count="8" type="stmt"/>
      <line num="7" count="0" type="cond" truecount="0" falsecount="1"/>
      <line num="8" count="0" type="stmt"/>
      <line num="9" count="0" type="stmt"/>
      <line num="10" count="0" type="stmt"/>
      <line num="11" count="0" type="stmt"/>
      <line num="12" count="0" type="stmt"/>
      <line num="13" count="0" type="stmt"/>
      <line num="14" count="0" type="stmt"/>
      <line num="15" count="1" type="stmt"/>
      <line num="16" count="1" type="cond" truecount="1" falsecount="0"/>
      <line num="17" count="1" type="cond" truecount="2" falsecount="0"/>
      <line num="18" count="12" type="cond" truecount="1" falsecount="0"/>
      <line num="19" count="12" type="stmt"/>
      <line num="20" count="12" type="stmt"/>
      <line num="21" count="12" type="cond" truecount="1" falsecount="0"/>
      <line num="22" count="12" type="stmt"/>
      <line num="23" count="12" type="cond" truecount="1" falsecount="0"/>
      <line num="24" count="12" type="stmt"/>
      <line num="25" count="12" type="cond" truecount="1" falsecount="0"/>
      <line num="26" count="12" type="stmt"/>
      <line num="27" count="12" type="cond" truecount="1" falsecount="0"/>
      <line num="28" count="12" type="stmt"/>
      <line num="29" count="12" type="cond" truecount="1" falsecount="0"/>
      <line num="30" count="12" type="stmt"/>
      <line num="31" count="12" type="cond" truecount="0" falsecount="1"/>
      <line num="32" count="12" type="stmt"/>
      <line num="33" count="12" type="stmt"/>
      <line num="34" count="12" type="stmt"/>
      <line num="35" count="1" type="stmt"/>
      <line num="36" count="1" type="stmt"/>
      <line num="37" count="1" type="stmt"/>
      <line num="38" count="1" type="stmt"/>
      <line num="39" count="1" type="stmt"/>
    </file>
    <file name="index.js" path="/home/linux/frontend-project-lvl2/src/index.js">
      <metrics statements="31" coveredstatements="31" conditionals="3" coveredconditionals="3" methods="3" coveredmethods="3"/>
      <line num="1" count="1" type="stmt"/>
      <line num="2" count="1" type="stmt"/>
      <line num="3" count="1" type="stmt"/>
      <line num="4" count="1" type="stmt"/>
      <line num="5" count="1" type="stmt"/>
      <line num="6" count="1" type="stmt"/>
      <line num="7" count="1" type="stmt"/>
      <line num="8" count="1" type="cond" truecount="1" falsecount="0"/>
      <line num="9" count="2" type="stmt"/>
      <line num="10" count="2" type="stmt"/>
      <line num="11" count="2" type="stmt"/>
      <line num="12" count="2" type="stmt"/>
      <line num="13" count="2" type="stmt"/>
      <line num="14" count="1" type="stmt"/>
      <line num="15" count="1" type="cond" truecount="1" falsecount="0"/>
      <line num="16" count="1" type="stmt"/>
      <line num="17" count="1" type="cond" truecount="1" falsecount="0"/>
      <line num="18" count="1" type="stmt"/>
      <line num="19" count="1" type="stmt"/>
      <line num="20" count="1" type="stmt"/>
      <line num="21" count="1" type="stmt"/>
      <line num="22" count="1" type="stmt"/>
      <line num="23" count="1" type="stmt"/>
      <line num="24" count="1" type="stmt"/>
      <line num="25" count="1" type="stmt"/>
      <line num="26" count="1" type="stmt"/>
      <line num="27" count="1" type="stmt"/>
      <line num="28" count="1" type="stmt"/>
      <line num="29" count="1" type="stmt"/>
      <line num="30" count="1" type="stmt"/>
      <line num="31" count="1" type="stmt"/>
    </file>
    <file name="makeTree.js" path="/home/linux/frontend-project-lvl2/src/makeTree.js">
      <metrics statements="27" coveredstatements="27" conditionals="10" coveredconditionals="10" methods="1" coveredmethods="1"/>
      <line num="1" count="1" type="stmt"/>
      <line num="2" count="1" type="stmt"/>
      <line num="3" count="1" type="cond" truecount="1" falsecount="0"/>
      <line num="4" count="6" type="stmt"/>
      <line num="5" count="6" type="stmt"/>
      <line num="6" count="6" type="cond" truecount="1" falsecount="0"/>
      <line num="7" count="12" type="stmt"/>
      <line num="8" count="12" type="stmt"/>
      <line num="9" count="12" type="cond" truecount="1" falsecount="0"/>
      <line num="10" count="1" type="stmt"/>
      <line num="11" count="1" type="stmt"/>
      <line num="12" count="12" type="cond" truecount="2" falsecount="0"/>
      <line num="13" count="1" type="stmt"/>
      <line num="14" count="1" type="stmt"/>
      <line num="15" count="12" type="cond" truecount="3" falsecount="0"/>
      <line num="16" count="5" type="stmt"/>
      <line num="17" count="5" type="stmt"/>
      <line num="18" count="12" type="cond" truecount="1" falsecount="0"/>
      <line num="19" count="1" type="stmt"/>
      <line num="20" count="1" type="stmt"/>
      <line num="21" count="1" type="stmt"/>
      <line num="22" count="1" type="stmt"/>
      <line num="23" count="4" type="cond" truecount="1" falsecount="0"/>
      <line num="24" count="4" type="stmt"/>
      <line num="25" count="6" type="stmt"/>
      <line num="26" count="1" type="stmt"/>
      <line num="27" count="1" type="stmt"/>
    </file>
    <file name="parser.js" path="/home/linux/frontend-project-lvl2/src/parser.js">
      <metrics statements="12" coveredstatements="12" conditionals="3" coveredconditionals="1" methods="1" coveredmethods="1"/>
      <line num="1" count="1" type="stmt"/>
      <line num="2" count="1" type="stmt"/>
      <line num="3" count="1" type="cond" truecount="1" falsecount="0"/>
      <line num="4" count="2" type="stmt"/>
      <line num="5" count="2" type="stmt"/>
      <line num="6" count="2" type="stmt"/>
      <line num="7" count="2" type="cond" truecount="0" falsecount="1"/>
      <line num="8" count="2" type="stmt"/>
      <line num="9" count="2" type="cond" truecount="0" falsecount="1"/>
      <line num="10" count="2" type="stmt"/>
      <line num="11" count="2" type="stmt"/>
      <line num="12" count="2" type="stmt"/>
    </file>
  </project>
</coverage>
