{"/home/linux/frontend-project-lvl2/src/formatter.js": {"path":"/home/linux/frontend-project-lvl2/src/formatter.js","all":false,"statementMap":{"0":{"start":{"line":1,"column":0},"end":{"line":1,"column":77}},"1":{"start":{"line":2,"column":0},"end":{"line":2,"column":0}},"2":{"start":{"line":3,"column":0},"end":{"line":3,"column":40}},"3":{"start":{"line":4,"column":0},"end":{"line":4,"column":33}},"4":{"start":{"line":5,"column":0},"end":{"line":5,"column":21}},"5":{"start":{"line":6,"column":0},"end":{"line":6,"column":3}},"6":{"start":{"line":7,"column":0},"end":{"line":7,"column":37}},"7":{"start":{"line":8,"column":0},"end":{"line":8,"column":0}},"8":{"start":{"line":9,"column":0},"end":{"line":9,"column":22}},"9":{"start":{"line":10,"column":0},"end":{"line":10,"column":18}},"10":{"start":{"line":11,"column":0},"end":{"line":11,"column":99}},"11":{"start":{"line":12,"column":0},"end":{"line":12,"column":0}},"12":{"start":{"line":13,"column":0},"end":{"line":13,"column":63}},"13":{"start":{"line":14,"column":0},"end":{"line":14,"column":2}},"14":{"start":{"line":15,"column":0},"end":{"line":15,"column":0}},"15":{"start":{"line":16,"column":0},"end":{"line":16,"column":35}},"16":{"start":{"line":17,"column":0},"end":{"line":17,"column":55}},"17":{"start":{"line":18,"column":0},"end":{"line":18,"column":106}},"18":{"start":{"line":19,"column":0},"end":{"line":19,"column":0}},"19":{"start":{"line":20,"column":0},"end":{"line":20,"column":24}},"20":{"start":{"line":21,"column":0},"end":{"line":21,"column":17}},"21":{"start":{"line":22,"column":0},"end":{"line":22,"column":39}},"22":{"start":{"line":23,"column":0},"end":{"line":23,"column":20}},"23":{"start":{"line":24,"column":0},"end":{"line":24,"column":39}},"24":{"start":{"line":25,"column":0},"end":{"line":25,"column":18}},"25":{"start":{"line":26,"column":0},"end":{"line":26,"column":39}},"26":{"start":{"line":27,"column":0},"end":{"line":27,"column":21}},"27":{"start":{"line":28,"column":0},"end":{"line":28,"column":72}},"28":{"start":{"line":29,"column":0},"end":{"line":29,"column":23}},"29":{"start":{"line":30,"column":0},"end":{"line":30,"column":118}},"30":{"start":{"line":31,"column":0},"end":{"line":31,"column":14}},"31":{"start":{"line":32,"column":0},"end":{"line":32,"column":54}},"32":{"start":{"line":33,"column":0},"end":{"line":33,"column":5}},"33":{"start":{"line":34,"column":0},"end":{"line":34,"column":5}},"34":{"start":{"line":35,"column":0},"end":{"line":35,"column":0}},"35":{"start":{"line":36,"column":0},"end":{"line":36,"column":49}},"36":{"start":{"line":37,"column":0},"end":{"line":37,"column":2}},"37":{"start":{"line":38,"column":0},"end":{"line":38,"column":0}},"38":{"start":{"line":39,"column":0},"end":{"line":39,"column":26}}},"s":{"0":1,"1":1,"2":1,"3":8,"4":8,"5":8,"6":0,"7":0,"8":0,"9":0,"10":0,"11":0,"12":0,"13":0,"14":1,"15":1,"16":1,"17":12,"18":12,"19":12,"20":12,"21":12,"22":12,"23":12,"24":12,"25":12,"26":12,"27":12,"28":12,"29":12,"30":12,"31":12,"32":12,"33":12,"34":1,"35":1,"36":1,"37":1,"38":1},"branchMap":{"0":{"type":"branch","line":1,"loc":{"start":{"line":1,"column":15},"end":{"line":1,"column":46}},"locations":[{"start":{"line":1,"column":15},"end":{"line":1,"column":46}}]},"1":{"type":"branch","line":3,"loc":{"start":{"line":3,"column":18},"end":{"line":14,"column":2}},"locations":[{"start":{"line":3,"column":18},"end":{"line":14,"column":2}}]},"2":{"type":"branch","line":7,"loc":{"start":{"line":7,"column":-1},"end":{"line":14,"column":2}},"locations":[{"start":{"line":7,"column":-1},"end":{"line":14,"column":2}}]},"3":{"type":"branch","line":16,"loc":{"start":{"line":16,"column":20},"end":{"line":37,"column":2}},"locations":[{"start":{"line":16,"column":20},"end":{"line":37,"column":2}}]},"4":{"type":"branch","line":17,"loc":{"start":{"line":17,"column":18},"end":{"line":17,"column":39}},"locations":[{"start":{"line":17,"column":18},"end":{"line":17,"column":39}}]},"5":{"type":"branch","line":17,"loc":{"start":{"line":17,"column":45},"end":{"line":34,"column":5}},"locations":[{"start":{"line":17,"column":45},"end":{"line":34,"column":5}}]},"6":{"type":"branch","line":21,"loc":{"start":{"line":21,"column":6},"end":{"line":22,"column":15}},"locations":[{"start":{"line":21,"column":6},"end":{"line":22,"column":15}}]},"7":{"type":"branch","line":23,"loc":{"start":{"line":23,"column":6},"end":{"line":24,"column":15}},"locations":[{"start":{"line":23,"column":6},"end":{"line":24,"column":15}}]},"8":{"type":"branch","line":25,"loc":{"start":{"line":25,"column":6},"end":{"line":26,"column":15}},"locations":[{"start":{"line":25,"column":6},"end":{"line":26,"column":15}}]},"9":{"type":"branch","line":27,"loc":{"start":{"line":27,"column":6},"end":{"line":28,"column":16}},"locations":[{"start":{"line":27,"column":6},"end":{"line":28,"column":16}}]},"10":{"type":"branch","line":29,"loc":{"start":{"line":29,"column":6},"end":{"line":30,"column":16}},"locations":[{"start":{"line":29,"column":6},"end":{"line":30,"column":16}}]},"11":{"type":"branch","line":31,"loc":{"start":{"line":31,"column":6},"end":{"line":32,"column":14}},"locations":[{"start":{"line":31,"column":6},"end":{"line":32,"column":14}}]},"12":{"type":"branch","line":18,"loc":{"start":{"line":18,"column":21},"end":{"line":18,"column":106}},"locations":[{"start":{"line":18,"column":21},"end":{"line":18,"column":106}}]}},"b":{"0":[18],"1":[8],"2":[0],"3":[1],"4":[6],"5":[12],"6":[1],"7":[1],"8":[4],"9":[1],"10":[5],"11":[0],"12":[8]},"fnMap":{"0":{"name":"indent","decl":{"start":{"line":1,"column":15},"end":{"line":1,"column":46}},"loc":{"start":{"line":1,"column":15},"end":{"line":1,"column":46}},"line":1},"1":{"name":"stringify","decl":{"start":{"line":3,"column":18},"end":{"line":14,"column":2}},"loc":{"start":{"line":3,"column":18},"end":{"line":14,"column":2}},"line":3},"2":{"name":"formatTree","decl":{"start":{"line":16,"column":20},"end":{"line":37,"column":2}},"loc":{"start":{"line":16,"column":20},"end":{"line":37,"column":2}},"line":16},"3":{"name":"iterate","decl":{"start":{"line":17,"column":18},"end":{"line":17,"column":39}},"loc":{"start":{"line":17,"column":18},"end":{"line":17,"column":39}},"line":17},"4":{"name":"getValue","decl":{"start":{"line":18,"column":21},"end":{"line":18,"column":106}},"loc":{"start":{"line":18,"column":21},"end":{"line":18,"column":106}},"line":18}},"f":{"0":18,"1":8,"2":1,"3":6,"4":8}}
,"/home/linux/frontend-project-lvl2/src/index.js": {"path":"/home/linux/frontend-project-lvl2/src/index.js","all":false,"statementMap":{"0":{"start":{"line":1,"column":0},"end":{"line":1,"column":20}},"1":{"start":{"line":2,"column":0},"end":{"line":2,"column":24}},"2":{"start":{"line":3,"column":0},"end":{"line":3,"column":35}},"3":{"start":{"line":4,"column":0},"end":{"line":4,"column":39}},"4":{"start":{"line":5,"column":0},"end":{"line":5,"column":37}},"5":{"start":{"line":6,"column":0},"end":{"line":6,"column":32}},"6":{"start":{"line":7,"column":0},"end":{"line":7,"column":0}},"7":{"start":{"line":8,"column":0},"end":{"line":8,"column":32}},"8":{"start":{"line":9,"column":0},"end":{"line":9,"column":57}},"9":{"start":{"line":10,"column":0},"end":{"line":10,"column":90}},"10":{"start":{"line":11,"column":0},"end":{"line":11,"column":0}},"11":{"start":{"line":12,"column":0},"end":{"line":12,"column":18}},"12":{"start":{"line":13,"column":0},"end":{"line":13,"column":2}},"13":{"start":{"line":14,"column":0},"end":{"line":14,"column":0}},"14":{"start":{"line":15,"column":0},"end":{"line":15,"column":65}},"15":{"start":{"line":16,"column":0},"end":{"line":16,"column":0}},"16":{"start":{"line":17,"column":0},"end":{"line":17,"column":52}},"17":{"start":{"line":18,"column":0},"end":{"line":18,"column":52}},"18":{"start":{"line":19,"column":0},"end":{"line":19,"column":54}},"19":{"start":{"line":20,"column":0},"end":{"line":20,"column":0}},"20":{"start":{"line":21,"column":0},"end":{"line":21,"column":51}},"21":{"start":{"line":22,"column":0},"end":{"line":22,"column":53}},"22":{"start":{"line":23,"column":0},"end":{"line":23,"column":0}},"23":{"start":{"line":24,"column":0},"end":{"line":24,"column":67}},"24":{"start":{"line":25,"column":0},"end":{"line":25,"column":70}},"25":{"start":{"line":26,"column":0},"end":{"line":26,"column":0}},"26":{"start":{"line":27,"column":0},"end":{"line":27,"column":59}},"27":{"start":{"line":28,"column":0},"end":{"line":28,"column":0}},"28":{"start":{"line":29,"column":0},"end":{"line":29,"column":25}},"29":{"start":{"line":30,"column":0},"end":{"line":30,"column":2}},"30":{"start":{"line":31,"column":0},"end":{"line":31,"column":23}}},"s":{"0":1,"1":1,"2":1,"3":1,"4":1,"5":1,"6":1,"7":1,"8":2,"9":2,"10":2,"11":2,"12":2,"13":1,"14":1,"15":1,"16":1,"17":1,"18":1,"19":1,"20":1,"21":1,"22":1,"23":1,"24":1,"25":1,"26":1,"27":1,"28":1,"29":1,"30":1},"branchMap":{"0":{"type":"branch","line":8,"loc":{"start":{"line":8,"column":18},"end":{"line":13,"column":2}},"locations":[{"start":{"line":8,"column":18},"end":{"line":13,"column":2}}]},"1":{"type":"branch","line":15,"loc":{"start":{"line":15,"column":20},"end":{"line":15,"column":37}},"locations":[{"start":{"line":15,"column":20},"end":{"line":15,"column":37}}]},"2":{"type":"branch","line":17,"loc":{"start":{"line":17,"column":16},"end":{"line":30,"column":2}},"locations":[{"start":{"line":17,"column":16},"end":{"line":30,"column":2}}]}},"b":{"0":[2],"1":[2],"2":[1]},"fnMap":{"0":{"name":"readFile","decl":{"start":{"line":8,"column":18},"end":{"line":13,"column":2}},"loc":{"start":{"line":8,"column":18},"end":{"line":13,"column":2}},"line":8},"1":{"name":"fileFormat","decl":{"start":{"line":15,"column":20},"end":{"line":15,"column":37}},"loc":{"start":{"line":15,"column":20},"end":{"line":15,"column":37}},"line":15},"2":{"name":"genDiff","decl":{"start":{"line":17,"column":16},"end":{"line":30,"column":2}},"loc":{"start":{"line":17,"column":16},"end":{"line":30,"column":2}},"line":17}},"f":{"0":2,"1":2,"2":1}}
,"/home/linux/frontend-project-lvl2/src/makeTree.js": {"path":"/home/linux/frontend-project-lvl2/src/makeTree.js","all":false,"statementMap":{"0":{"start":{"line":1,"column":0},"end":{"line":1,"column":23}},"1":{"start":{"line":2,"column":0},"end":{"line":2,"column":0}},"2":{"start":{"line":3,"column":0},"end":{"line":3,"column":36}},"3":{"start":{"line":4,"column":0},"end":{"line":4,"column":51}},"4":{"start":{"line":5,"column":0},"end":{"line":5,"column":36}},"5":{"start":{"line":6,"column":0},"end":{"line":6,"column":34}},"6":{"start":{"line":7,"column":0},"end":{"line":7,"column":30}},"7":{"start":{"line":8,"column":0},"end":{"line":8,"column":30}},"8":{"start":{"line":9,"column":0},"end":{"line":9,"column":29}},"9":{"start":{"line":10,"column":0},"end":{"line":10,"column":47}},"10":{"start":{"line":11,"column":0},"end":{"line":11,"column":5}},"11":{"start":{"line":12,"column":0},"end":{"line":12,"column":29}},"12":{"start":{"line":13,"column":0},"end":{"line":13,"column":50}},"13":{"start":{"line":14,"column":0},"end":{"line":14,"column":5}},"14":{"start":{"line":15,"column":0},"end":{"line":15,"column":61}},"15":{"start":{"line":16,"column":0},"end":{"line":16,"column":76}},"16":{"start":{"line":17,"column":0},"end":{"line":17,"column":5}},"17":{"start":{"line":18,"column":0},"end":{"line":18,"column":37}},"18":{"start":{"line":19,"column":0},"end":{"line":19,"column":14}},"19":{"start":{"line":20,"column":0},"end":{"line":20,"column":57}},"20":{"start":{"line":21,"column":0},"end":{"line":21,"column":8}},"21":{"start":{"line":22,"column":0},"end":{"line":22,"column":5}},"22":{"start":{"line":23,"column":0},"end":{"line":23,"column":46}},"23":{"start":{"line":24,"column":0},"end":{"line":24,"column":5}},"24":{"start":{"line":25,"column":0},"end":{"line":25,"column":2}},"25":{"start":{"line":26,"column":0},"end":{"line":26,"column":0}},"26":{"start":{"line":27,"column":0},"end":{"line":27,"column":24}}},"s":{"0":1,"1":1,"2":1,"3":6,"4":6,"5":6,"6":12,"7":12,"8":12,"9":1,"10":1,"11":12,"12":1,"13":1,"14":12,"15":5,"16":5,"17":12,"18":1,"19":1,"20":1,"21":1,"22":4,"23":4,"24":6,"25":1,"26":1},"branchMap":{"0":{"type":"branch","line":3,"loc":{"start":{"line":3,"column":17},"end":{"line":25,"column":2}},"locations":[{"start":{"line":3,"column":17},"end":{"line":25,"column":2}}]},"1":{"type":"branch","line":6,"loc":{"start":{"line":6,"column":25},"end":{"line":24,"column":5}},"locations":[{"start":{"line":6,"column":25},"end":{"line":24,"column":5}}]},"2":{"type":"branch","line":9,"loc":{"start":{"line":9,"column":28},"end":{"line":11,"column":5}},"locations":[{"start":{"line":9,"column":28},"end":{"line":11,"column":5}}]},"3":{"type":"branch","line":12,"loc":{"start":{"line":12,"column":-1},"end":{"line":12,"column":8}},"locations":[{"start":{"line":12,"column":-1},"end":{"line":12,"column":8}}]},"4":{"type":"branch","line":12,"loc":{"start":{"line":12,"column":28},"end":{"line":14,"column":5}},"locations":[{"start":{"line":12,"column":28},"end":{"line":14,"column":5}}]},"5":{"type":"branch","line":15,"loc":{"start":{"line":15,"column":-1},"end":{"line":15,"column":9}},"locations":[{"start":{"line":15,"column":-1},"end":{"line":15,"column":9}}]},"6":{"type":"branch","line":15,"loc":{"start":{"line":15,"column":8},"end":{"line":15,"column":36}},"locations":[{"start":{"line":15,"column":8},"end":{"line":15,"column":36}}]},"7":{"type":"branch","line":15,"loc":{"start":{"line":15,"column":60},"end":{"line":18,"column":8}},"locations":[{"start":{"line":15,"column":60},"end":{"line":18,"column":8}}]},"8":{"type":"branch","line":18,"loc":{"start":{"line":18,"column":36},"end":{"line":22,"column":5}},"locations":[{"start":{"line":18,"column":36},"end":{"line":22,"column":5}}]},"9":{"type":"branch","line":23,"loc":{"start":{"line":23,"column":-1},"end":{"line":24,"column":5}},"locations":[{"start":{"line":23,"column":-1},"end":{"line":24,"column":5}}]}},"b":{"0":[6],"1":[12],"2":[1],"3":[11],"4":[1],"5":[10],"6":[5],"7":[5],"8":[1],"9":[4]},"fnMap":{"0":{"name":"makeTree","decl":{"start":{"line":3,"column":17},"end":{"line":25,"column":2}},"loc":{"start":{"line":3,"column":17},"end":{"line":25,"column":2}},"line":3}},"f":{"0":6}}
,"/home/linux/frontend-project-lvl2/src/parser.js": {"path":"/home/linux/frontend-project-lvl2/src/parser.js","all":false,"statementMap":{"0":{"start":{"line":1,"column":0},"end":{"line":1,"column":27}},"1":{"start":{"line":2,"column":0},"end":{"line":2,"column":0}},"2":{"start":{"line":3,"column":0},"end":{"line":3,"column":34}},"3":{"start":{"line":4,"column":0},"end":{"line":4,"column":19}},"4":{"start":{"line":5,"column":0},"end":{"line":5,"column":16}},"5":{"start":{"line":6,"column":0},"end":{"line":6,"column":30}},"6":{"start":{"line":7,"column":0},"end":{"line":7,"column":15}},"7":{"start":{"line":8,"column":0},"end":{"line":8,"column":29}},"8":{"start":{"line":9,"column":0},"end":{"line":9,"column":12}},"9":{"start":{"line":10,"column":0},"end":{"line":10,"column":52}},"10":{"start":{"line":11,"column":0},"end":{"line":11,"column":3}},"11":{"start":{"line":12,"column":0},"end":{"line":12,"column":2}}},"s":{"0":1,"1":1,"2":1,"3":2,"4":2,"5":2,"6":2,"7":2,"8":2,"9":2,"10":2,"11":2},"branchMap":{"0":{"type":"branch","line":3,"loc":{"start":{"line":3,"column":15},"end":{"line":12,"column":2}},"locations":[{"start":{"line":3,"column":15},"end":{"line":12,"column":2}}]},"1":{"type":"branch","line":7,"loc":{"start":{"line":7,"column":4},"end":{"line":8,"column":13}},"locations":[{"start":{"line":7,"column":4},"end":{"line":8,"column":13}}]},"2":{"type":"branch","line":9,"loc":{"start":{"line":9,"column":4},"end":{"line":10,"column":12}},"locations":[{"start":{"line":9,"column":4},"end":{"line":10,"column":12}}]}},"b":{"0":[2],"1":[0],"2":[0]},"fnMap":{"0":{"name":"default","decl":{"start":{"line":3,"column":15},"end":{"line":12,"column":2}},"loc":{"start":{"line":3,"column":15},"end":{"line":12,"column":2}},"line":3}},"f":{"0":2}}
}
