TN:
SF:src/formatter.js
FN:1,indent
FN:3,stringify
FN:16,formatTree
FN:17,iterate
FN:18,getValue
FNF:5
FNH:5
FNDA:18,indent
FNDA:8,stringify
FNDA:1,formatTree
FNDA:6,iterate
FNDA:8,getValue
DA:1,1
DA:2,1
DA:3,1
DA:4,8
DA:5,8
DA:6,8
DA:7,0
DA:8,0
DA:9,0
DA:10,0
DA:11,0
DA:12,0
DA:13,0
DA:14,0
DA:15,1
DA:16,1
DA:17,1
DA:18,12
DA:19,12
DA:20,12
DA:21,12
DA:22,12
DA:23,12
DA:24,12
DA:25,12
DA:26,12
DA:27,12
DA:28,12
DA:29,12
DA:30,12
DA:31,12
DA:32,12
DA:33,12
DA:34,12
DA:35,1
DA:36,1
DA:37,1
DA:38,1
DA:39,1
LF:39
LH:31
BRDA:1,0,0,18
BRDA:3,1,0,8
BRDA:7,2,0,0
BRDA:16,3,0,1
BRDA:17,4,0,6
BRDA:17,5,0,12
BRDA:21,6,0,1
BRDA:23,7,0,1
BRDA:25,8,0,4
BRDA:27,9,0,1
BRDA:29,10,0,5
BRDA:31,11,0,0
BRDA:18,12,0,8
BRF:13
BRH:11
end_of_record
TN:
SF:src/index.js
FN:8,readFile
FN:15,fileFormat
FN:17,genDiff
FNF:3
FNH:3
FNDA:2,readFile
FNDA:2,fileFormat
FNDA:1,genDiff
DA:1,1
DA:2,1
DA:3,1
DA:4,1
DA:5,1
DA:6,1
DA:7,1
DA:8,1
DA:9,2
DA:10,2
DA:11,2
DA:12,2
DA:13,2
DA:14,1
DA:15,1
DA:16,1
DA:17,1
DA:18,1
DA:19,1
DA:20,1
DA:21,1
DA:22,1
DA:23,1
DA:24,1
DA:25,1
DA:26,1
DA:27,1
DA:28,1
DA:29,1
DA:30,1
DA:31,1
LF:31
LH:31
BRDA:8,0,0,2
BRDA:15,1,0,2
BRDA:17,2,0,1
BRF:3
BRH:3
end_of_record
TN:
SF:src/makeTree.js
FN:3,makeTree
FNF:1
FNH:1
FNDA:6,makeTree
DA:1,1
DA:2,1
DA:3,1
DA:4,6
DA:5,6
DA:6,6
DA:7,12
DA:8,12
DA:9,12
DA:10,1
DA:11,1
DA:12,12
DA:13,1
DA:14,1
DA:15,12
DA:16,5
DA:17,5
DA:18,12
DA:19,1
DA:20,1
DA:21,1
DA:22,1
DA:23,4
DA:24,4
DA:25,6
DA:26,1
DA:27,1
LF:27
LH:27
BRDA:3,0,0,6
BRDA:6,1,0,12
BRDA:9,2,0,1
BRDA:12,3,0,11
BRDA:12,4,0,1
BRDA:15,5,0,10
BRDA:15,6,0,5
BRDA:15,7,0,5
BRDA:18,8,0,1
BRDA:23,9,0,4
BRF:10
BRH:10
end_of_record
TN:
SF:src/parser.js
FN:3,default
FNF:1
FNH:1
FNDA:2,default
DA:1,1
DA:2,1
DA:3,1
DA:4,2
DA:5,2
DA:6,2
DA:7,2
DA:8,2
DA:9,2
DA:10,2
DA:11,2
DA:12,2
LF:12
LH:12
BRDA:3,0,0,2
BRDA:7,1,0,0
BRDA:9,2,0,0
BRF:3
BRH:1
end_of_record
